<?xml version="1.0" encoding="UTF-8"?>
<!-- Generated by org.testng.reporters.JUnitXMLReporter -->
<testsuite ignored="0" hostname="LAPTOP-8TP6OQIJ" failures="1" tests="2" name="Test" time="10.186" errors="0" timestamp="2022-04-01T09:06:20 IST">
  <testcase classname="testcases.VerifyLogin" name="enterCredentials" time="0.527"/>
  <testcase classname="testcases.VerifySingup" name="signup" time="0.001">
    <failure type="java.lang.Error" message="Unresolved compilation problem: 
	The method clicksignp() is undefined for the type SignUpPagePOM
">
      <![CDATA[java.lang.Error: Unresolved compilation problem: 
The method clicksignp() is undefined for the type SignUpPagePOM

at testcases.VerifySingup.signup(VerifySingup.java:17)
at java.base/java.util.ArrayList.forEach(ArrayList.java:1511)
... Removed 27 stack frames]]>
    </failure>
  </testcase> <!-- signup -->
</testsuite> <!-- Test -->
