<?xml version="1.0" encoding="UTF-8"?>
<!-- Generated by org.testng.reporters.JUnitXMLReporter -->
<testsuite ignored="0" hostname="LAPTOP-8TP6OQIJ" failures="1" tests="1" name="Test(failed)" time="4.543" errors="0" timestamp="2022-04-01T08:56:39 IST">
  <testcase classname="testcases.VerifyLogin" name="enterCredentials" time="0.015">
    <failure type="java.lang.Error" message="Unresolved compilation problem: 
	The method EnterUSernme() is undefined for the type LoginPagePOM
">
      <![CDATA[java.lang.Error: Unresolved compilation problem: 
The method EnterUSernme() is undefined for the type LoginPagePOM

at testcases.VerifyLogin.enterCredentials(VerifyLogin.java:21)
at java.base/java.util.ArrayList.forEach(ArrayList.java:1511)
... Removed 27 stack frames]]>
    </failure>
  </testcase> <!-- enterCredentials -->
</testsuite> <!-- Test(failed) -->
